#
# A fatal error has been detected by the Java Runtime Environment:
#
#  EXCEPTION_ACCESS_VIOLATION (0xc0000005) at pc=0x0000000059427ce9, pid=5176, tid=2124
#
# JRE version: 7.0_25-b17
# Java VM: Java HotSpot(TM) 64-Bit Server VM (23.25-b01 mixed mode windows-amd64 compressed oops)
# Problematic frame:
# V  [jvm.dll+0x37ce9]
#
# Failed to write core dump. Minidumps are not enabled by default on client versions of Windows
#
# If you would like to submit a bug report, please visit:
#   http://bugreport.sun.com/bugreport/crash.jsp
#

---------------  T H R E A D  ---------------

Current thread (0x000000000b904000):  JavaThread "JDWP Transport Listener: dt_socket" daemon [_thread_in_vm, id=2124, stack(0x000000000d680000,0x000000000d780000)]

siginfo: ExceptionCode=0xc0000005, reading address 0x000000000000000c

Registers:
RAX=0x000000000000000c, RBX=0x000000000b904000, RCX=0x0000000000000003, RDX=0x0000000000000000
RSP=0x000000000d77f930, RBP=0x000000000000000c, RSI=0x0000000000000000, RDI=0x0000000000000010
R8 =0x00000007d60ac5d0, R9 =0x0000000000000000, R10=0x0000000000000000, R11=0x0000000000000001
R12=0x0000000000000000, R13=0x0000000000000000, R14=0x0000000000000000, R15=0x0000000000000000
RIP=0x0000000059427ce9, EFLAGS=0x0000000000010246

Top of Stack: (sp=0x000000000d77f930)
0x000000000d77f930:   000000000b904000 0000000000000000
0x000000000d77f940:   0000000000000000 000000000b904000
0x000000000d77f950:   0000000000000000 00000000594e2e14
0x000000000d77f960:   00000007d60ac5d0 000000000d77fa80
0x000000000d77f970:   000000000b87e308 000000000d77fa50
0x000000000d77f980:   000000000b904000 0000000000000000
0x000000000d77f990:   000000000b87e308 000000000d77fa80
0x000000000d77f9a0:   0000000000000000 0000000000000000
0x000000000d77f9b0:   000000000b9041d8 0000000053877d15
0x000000000d77f9c0:   000000000d77fa50 000000000d77fa80
0x000000000d77f9d0:   000000000b87e308 000000000b9041d8
0x000000000d77f9e0:   000000000e138c0a 000000005387f09c
0x000000000d77f9f0:   0000000059010a01 000000000d77faf0
0x000000000d77fa00:   000000000b875701 0000000000000000
0x000000000d77fa10:   000002a700000013 0000000059010a00
0x000000000d77fa20:   000000000226d150 0000000000000000 

Instructions: (pc=0x0000000059427ce9)
0x0000000059427cc9:   d2 48 8b c5 eb 18 48 8b d0 48 8b c5 48 d3 e2 48
0x0000000059427cd9:   03 15 31 38 61 00 eb 06 48 8b 12 48 8b c7 48 98
0x0000000059427ce9:   8b 14 10 85 d2 74 2a 45 84 db 4c 63 c6 48 0f 45
0x0000000059427cf9:   fd 8d 47 0b 48 63 c8 48 83 e1 f8 48 c1 e9 03 8d 


Register to memory mapping:

RAX=0x000000000000000c is an unknown value
RBX=0x000000000b904000 is a thread
RCX=0x0000000000000003 is an unknown value
RDX=0x0000000000000000 is an unknown value
RSP=0x000000000d77f930 is pointing into the stack for thread: 0x000000000b904000
RBP=0x000000000000000c is an unknown value
RSI=0x0000000000000000 is an unknown value
RDI=0x0000000000000010 is an unknown value
R8 =0x00000007d60ac5d0 is an oop
java.lang.String 
 - klass: 'java/lang/String'
R9 =0x0000000000000000 is an unknown value
R10=0x0000000000000000 is an unknown value
R11=0x0000000000000001 is an unknown value
R12=0x0000000000000000 is an unknown value
R13=0x0000000000000000 is an unknown value
R14=0x0000000000000000 is an unknown value
R15=0x0000000000000000 is an unknown value


Stack: [0x000000000d680000,0x000000000d780000],  sp=0x000000000d77f930,  free space=1022k
Native frames: (J=compiled Java code, j=interpreted, Vv=VM code, C=native code)
V  [jvm.dll+0x37ce9]


---------------  P R O C E S S  ---------------

Java Threads: ( => current thread )
  0x000000000b930000 JavaThread "Service Thread" daemon [_thread_blocked, id=2200, stack(0x000000000de40000,0x000000000df40000)]
  0x000000000b923800 JavaThread "C2 CompilerThread1" daemon [_thread_blocked, id=8388, stack(0x000000000dca0000,0x000000000dda0000)]
  0x000000000b91e000 JavaThread "C2 CompilerThread0" daemon [_thread_blocked, id=8140, stack(0x000000000daf0000,0x000000000dbf0000)]
  0x000000000b90f800 JavaThread "JDWP Command Reader" daemon [_thread_in_native, id=4496, stack(0x000000000d930000,0x000000000da30000)]
  0x000000000b90c800 JavaThread "JDWP Event Helper Thread" daemon [_thread_blocked, id=7076, stack(0x000000000d7d0000,0x000000000d8d0000)]
=>0x000000000b904000 JavaThread "JDWP Transport Listener: dt_socket" daemon [_thread_in_vm, id=2124, stack(0x000000000d680000,0x000000000d780000)]
  0x000000000b8fe000 JavaThread "Attach Listener" daemon [_thread_blocked, id=7608, stack(0x000000000cc50000,0x000000000cd50000)]
  0x000000000b8fb800 JavaThread "Signal Dispatcher" daemon [_thread_blocked, id=8244, stack(0x000000000c840000,0x000000000c940000)]
  0x000000000232d800 JavaThread "Finalizer" daemon [_thread_blocked, id=4336, stack(0x000000000cb40000,0x000000000cc40000)]
  0x0000000002327000 JavaThread "Reference Handler" daemon [_thread_blocked, id=8184, stack(0x000000000c9b0000,0x000000000cab0000)]
  0x000000000237f000 JavaThread "main" [_thread_blocked, id=8852, stack(0x0000000002440000,0x0000000002540000)]

Other Threads:
  0x000000000b873800 VMThread [stack: 0x000000000c740000,0x000000000c840000] [id=6652]
  0x000000000b939000 WatcherThread [stack: 0x000000000df40000,0x000000000e040000] [id=3828]

VM state:not at safepoint (normal execution)

VM Mutex/Monitor currently owned by a thread: None

Heap
 PSYoungGen      total 37696K, used 2585K [0x00000007d5eb0000, 0x00000007d88c0000, 0x0000000800000000)
  eden space 32320K, 8% used [0x00000007d5eb0000,0x00000007d61367c0,0x00000007d7e40000)
  from space 5376K, 0% used [0x00000007d8380000,0x00000007d8380000,0x00000007d88c0000)
  to   space 5376K, 0% used [0x00000007d7e40000,0x00000007d7e40000,0x00000007d8380000)
 ParOldGen       total 86144K, used 0K [0x0000000781c00000, 0x0000000787020000, 0x00000007d5eb0000)
  object space 86144K, 0% used [0x0000000781c00000,0x0000000781c00000,0x0000000787020000)
 PSPermGen       total 21248K, used 2899K [0x000000077ca00000, 0x000000077dec0000, 0x0000000781c00000)
  object space 21248K, 13% used [0x000000077ca00000,0x000000077ccd4cf0,0x000000077dec0000)

Card table byte_map: [0x00000000055d0000,0x00000000059f0000] byte_map_base: 0x00000000019eb000

Polling page: 0x00000000000b0000

Code Cache  [0x00000000025d0000, 0x0000000002840000, 0x00000000055d0000)
 total_blobs=184 nmethods=9 adapters=135 free_code_cache=48740Kb largest_free_block=49885632

Compilation events (10 events):
Event: 0.146 Thread 0x000000000b91e000 nmethod 1% 0x000000000262ecd0 code [0x000000000262ee40, 0x000000000262f238]
Event: 0.156 Thread 0x000000000b923800 nmethod 2% 0x0000000002631c50 code [0x0000000002631de0, 0x0000000002632768]
Event: 0.156 Thread 0x000000000b91e000    4   !         org.json.simple.parser.Yylex::yylex (907 bytes)
Event: 0.159 Thread 0x000000000b923800    5             java.lang.Object::<init> (1 bytes)
Event: 0.160 Thread 0x000000000b923800 nmethod 5 0x0000000002631a10 code [0x0000000002631b40, 0x0000000002631bd8]
Event: 0.162 Thread 0x000000000b923800    6             sun.nio.cs.SingleByte$Decoder::decodeArrayLoop (154 bytes)
Event: 0.174 Thread 0x000000000b923800 nmethod 6 0x0000000002634c90 code [0x0000000002634e60, 0x0000000002635740]
Event: 0.174 Thread 0x000000000b923800    7             java.lang.String::indexOf (70 bytes)
Event: 0.176 Thread 0x000000000b923800 nmethod 7 0x000000000262e850 code [0x000000000262e9a0, 0x000000000262eb88]
Event: 0.185 Thread 0x000000000b91e000 nmethod 4 0x00000000026388d0 code [0x0000000002638e40, 0x000000000263b060]

GC Heap History (0 events):
No events

Deoptimization events (0 events):
No events

Internal exceptions (10 events):
Event: 0.136 Thread 0x000000000237f000 Threw 0x00000007d5f50270 at C:\jdk7u2_64p\jdk7u25\hotspot\src\share\vm\prims\jvm.cpp:1235
Event: 0.138 Thread 0x000000000237f000 Threw 0x00000007d5ffcfd0 at C:\jdk7u2_64p\jdk7u25\hotspot\src\share\vm\prims\jvm.cpp:1235
Event: 0.143 Thread 0x000000000237f000 Threw 0x00000007d6035448 at C:\jdk7u2_64p\jdk7u25\hotspot\src\share\vm\prims\jvm.cpp:1235
Event: 0.144 Thread 0x000000000237f000 Threw 0x00000007d6039cf0 at C:\jdk7u2_64p\jdk7u25\hotspot\src\share\vm\prims\jvm.cpp:1235
Event: 0.144 Thread 0x000000000237f000 Threw 0x00000007d603fa38 at C:\jdk7u2_64p\jdk7u25\hotspot\src\share\vm\prims\jvm.cpp:1235
Event: 0.145 Thread 0x000000000237f000 Threw 0x00000007d6042f88 at C:\jdk7u2_64p\jdk7u25\hotspot\src\share\vm\prims\jvm.cpp:1235
Event: 0.146 Thread 0x000000000237f000 Threw 0x00000007d6046d40 at C:\jdk7u2_64p\jdk7u25\hotspot\src\share\vm\prims\jvm.cpp:1235
Event: 0.165 Thread 0x000000000237f000 Threw 0x00000007d609a158 at C:\jdk7u2_64p\jdk7u25\hotspot\src\share\vm\prims\jvm.cpp:1235
Event: 0.167 Thread 0x000000000237f000 Threw 0x00000007d609bd40 at C:\jdk7u2_64p\jdk7u25\hotspot\src\share\vm\prims\jvm.cpp:1235
Event: 0.168 Thread 0x000000000237f000 Threw 0x00000007d609d8e0 at C:\jdk7u2_64p\jdk7u25\hotspot\src\share\vm\prims\jvm.cpp:1235

Events (10 events):
Event: 25.727 Executing VM operation: GetCurrentLocation
Event: 25.727 Executing VM operation: GetCurrentLocation done
Event: 25.727 Executing VM operation: ChangeSingleStep
Event: 25.727 Executing VM operation: ChangeSingleStep done
Event: 25.727 Executing VM operation: ChangeSingleStep
Event: 25.727 Executing VM operation: ChangeSingleStep done
Event: 25.727 Executing VM operation: GetObjectMonitorUsage
Event: 25.727 Executing VM operation: GetObjectMonitorUsage done
Event: 25.737 Executing VM operation: GetOrSetLocal
Event: 25.737 Executing VM operation: GetOrSetLocal done


Dynamic libraries:
0x000000013fe20000 - 0x000000013fe53000 	C:\Program Files\Java\jre7\bin\javaw.exe
0x00000000770f0000 - 0x0000000077299000 	C:\Windows\SYSTEM32\ntdll.dll
0x0000000076fd0000 - 0x00000000770ef000 	C:\Windows\system32\kernel32.dll
0x000007fefd340000 - 0x000007fefd3ab000 	C:\Windows\system32\KERNELBASE.dll
0x000007feff170000 - 0x000007feff24b000 	C:\Windows\system32\ADVAPI32.dll
0x000007fefd9d0000 - 0x000007fefda6f000 	C:\Windows\system32\msvcrt.dll
0x000007fefdb00000 - 0x000007fefdb1f000 	C:\Windows\SYSTEM32\sechost.dll
0x000007fefdb20000 - 0x000007fefdc4d000 	C:\Windows\system32\RPCRT4.dll
0x0000000076ed0000 - 0x0000000076fca000 	C:\Windows\system32\USER32.dll
0x000007fefda90000 - 0x000007fefdaf7000 	C:\Windows\system32\GDI32.dll
0x000007fefde50000 - 0x000007fefde5e000 	C:\Windows\system32\LPK.dll
0x000007feff0a0000 - 0x000007feff169000 	C:\Windows\system32\USP10.dll
0x000007fefc140000 - 0x000007fefc334000 	C:\Windows\WinSxS\amd64_microsoft.windows.common-controls_6595b64144ccf1df_6.0.7601.17514_none_fa396087175ac9ac\COMCTL32.dll
0x000007fefe210000 - 0x000007fefe281000 	C:\Windows\system32\SHLWAPI.dll
0x000007fefe290000 - 0x000007fefe2be000 	C:\Windows\system32\IMM32.DLL
0x000007feff250000 - 0x000007feff359000 	C:\Windows\system32\MSCTF.dll
0x0000000059b00000 - 0x0000000059bd1000 	C:\Program Files\Java\jre7\bin\msvcr100.dll
0x00000000593f0000 - 0x0000000059aff000 	C:\Program Files\Java\jre7\bin\server\jvm.dll
0x000007fef8bb0000 - 0x000007fef8bb9000 	C:\Windows\system32\WSOCK32.dll
0x000007feff050000 - 0x000007feff09d000 	C:\Windows\system32\WS2_32.dll
0x000007fefd960000 - 0x000007fefd968000 	C:\Windows\system32\NSI.dll
0x000007fefae90000 - 0x000007fefaecb000 	C:\Windows\system32\WINMM.dll
0x00000000772b0000 - 0x00000000772b7000 	C:\Windows\system32\PSAPI.DLL
0x00000000717a0000 - 0x00000000717af000 	C:\Program Files\Java\jre7\bin\verify.dll
0x00000000593c0000 - 0x00000000593e8000 	C:\Program Files\Java\jre7\bin\java.dll
0x0000000053870000 - 0x00000000538a5000 	C:\Program Files\Java\jre7\bin\jdwp.dll
0x00000000726b0000 - 0x00000000726b8000 	C:\Program Files\Java\jre7\bin\npt.dll
0x00000000593a0000 - 0x00000000593b5000 	C:\Program Files\Java\jre7\bin\zip.dll
0x0000000074b20000 - 0x0000000074b29000 	C:\Program Files\Java\jre7\bin\dt_socket.dll
0x000007fefb020000 - 0x000007fefb035000 	C:\Windows\system32\NLAapi.dll
0x000007fef8b60000 - 0x000007fef8b75000 	C:\Windows\system32\napinsp.dll
0x000007fef8b40000 - 0x000007fef8b59000 	C:\Windows\system32\pnrpnsp.dll
0x000007fefc870000 - 0x000007fefc8c5000 	C:\Windows\System32\mswsock.dll
0x000007fefc6f0000 - 0x000007fefc74b000 	C:\Windows\system32\DNSAPI.dll
0x000007fef8b30000 - 0x000007fef8b3b000 	C:\Windows\System32\winrnr.dll
0x000007fef8b20000 - 0x000007fef8b30000 	C:\Windows\system32\wshbth.dll
0x000007fefabe0000 - 0x000007fefac07000 	C:\Windows\system32\IPHLPAPI.DLL
0x000007fefabd0000 - 0x000007fefabdb000 	C:\Windows\system32\WINNSI.DLL
0x000007fefaa60000 - 0x000007fefaab3000 	C:\Windows\System32\fwpuclnt.dll
0x000007fef8190000 - 0x000007fef8198000 	C:\Windows\system32\rasadhlp.dll
0x000007fefbf00000 - 0x000007fefbf07000 	C:\Windows\System32\wshtcpip.dll
0x000007fef8e60000 - 0x000007fef8f85000 	C:\Windows\system32\dbghelp.dll

VM Arguments:
jvm_args: -agentlib:jdwp=transport=dt_socket,suspend=y,address=localhost:51234 -Dfile.encoding=Cp1252 
java_command: com.json.read.ReadJson
Launcher Type: SUN_STANDARD

Environment Variables:
JAVA_HOME=C:\Program Files\Java\jdk1.7.0_25\bin
PATH=C:\Program Files\Dell\DW WLAN Card;C:\Program Files (x86)\Intel\iCLS Client\;C:\Program Files\Intel\iCLS Client\;C:\Windows\system32;C:\Windows;C:\Windows\System32\Wbem;C:\Windows\System32\WindowsPowerShell\v1.0\;C:\Program Files (x86)\Intel\OpenCL SDK\2.0\bin\x86;C:\Program Files (x86)\Intel\OpenCL SDK\2.0\bin\x64;C:\Program Files\Intel\Intel(R) Management Engine Components\DAL;C:\Program Files\Intel\Intel(R) Management Engine Components\IPT;C:\Program Files (x86)\Intel\Intel(R) Management Engine Components\DAL;C:\Program Files (x86)\Intel\Intel(R) Management Engine Components\IPT;C:\Program Files\WIDCOMM\Bluetooth Software\;C:\Program Files\WIDCOMM\Bluetooth Software\syswow64;C:\Program Files (x86)\Google\Google Apps Sync\;C:\Program Files (x86)\Google\Google Apps Migration\;C:\Program Files (x86)\MySQL\MySQL Utilities 1.3.4\;C:\Program Files\TortoiseSVN\bin;C:\Program Files\Java\jdk1.7.0_25\;C:\Program Files\Microsoft SQL Server\110\Tools\Binn\;C:\AWS\EC2\ec2-api-tools-1.7.0.2\bin;
USERNAME=nmishra
OS=Windows_NT
PROCESSOR_IDENTIFIER=Intel64 Family 6 Model 58 Stepping 9, GenuineIntel



---------------  S Y S T E M  ---------------

OS: Windows 7 , 64 bit Build 7601 Service Pack 1

CPU:total 4 (2 cores per cpu, 2 threads per core) family 6 model 58 stepping 9, cmov, cx8, fxsr, mmx, sse, sse2, sse3, ssse3, sse4.1, sse4.2, popcnt, avx, ht, tsc, tscinvbit, tscinv

Memory: 4k page, physical 8268380k(4510776k free), swap 16534896k(11453896k free)

vm_info: Java HotSpot(TM) 64-Bit Server VM (23.25-b01) for windows-amd64 JRE (1.7.0_25-b17), built on Jun 21 2013 12:58:32 by "java_re" with unknown MS VC++:1600

time: Mon Jun 30 15:40:52 2014
elapsed time: 26 seconds

